<?xml version="1.0" encoding="UTF-8"?>
<testng-results skipped="0" failed="0" ignored="0" total="1" passed="1">
  <reporter-output>
  </reporter-output>
  <suite name="Default suite" duration-ms="72" started-at="2021-08-05T23:10:44 IST" finished-at="2021-08-05T23:10:44 IST">
    <groups>
    </groups>
    <test name="Default test" duration-ms="72" started-at="2021-08-05T23:10:44 IST" finished-at="2021-08-05T23:10:44 IST">
      <class name="com.DemoTest.ParameterTest">
        <test-method status="PASS" signature="params()[pri:0, instance:com.DemoTest.ParameterTest@5e853265]" name="params" duration-ms="11" started-at="2021-08-05T23:10:44 IST" finished-at="2021-08-05T23:10:44 IST">
          <reporter-output>
          </reporter-output>
        </test-method> <!-- params -->
      </class> <!-- com.DemoTest.ParameterTest -->
    </test> <!-- Default test -->
  </suite> <!-- Default suite -->
</testng-results>
